[06-Apr-2017 23:27:36 UTC] PHP Warning:  unlink(composer-setup.php): No such file or directory in Command line code on line 1
[06-Apr-2017 23:27:36 UTC] PHP Stack trace:
[06-Apr-2017 23:27:36 UTC] PHP   1. {main}() Command line code:0
[06-Apr-2017 23:27:36 UTC] PHP   2. unlink() Command line code:1
[07-Apr-2017 00:02:23 UTC] PHP Parse error:  syntax error, unexpected '}', expecting ',' or ';' in /home/ubuntu/workspace/api/index.php on line 12
[07-Apr-2017 00:03:29 UTC] PHP Parse error:  syntax error, unexpected '}', expecting ',' or ';' in /home/ubuntu/workspace/api/index.php on line 12
[07-Apr-2017 00:19:07 UTC] PHP Parse error:  syntax error, unexpected '}' in /home/ubuntu/workspace/api/index.php on line 15
[08-Apr-2017 18:30:14 UTC] PHP Parse error:  syntax error, unexpected '$getChat_TimelineFunction' (T_VARIABLE), expecting function (T_FUNCTION) in /home/ubuntu/workspace/api/index.php on line 90
[08-Apr-2017 18:36:36 UTC] PHP Warning:  require(model/autoload.php): failed to open stream: No such file or directory in /home/ubuntu/workspace/api/index.php on line 10
[08-Apr-2017 18:36:36 UTC] PHP Stack trace:
[08-Apr-2017 18:36:36 UTC] PHP   1. {main}() /home/ubuntu/workspace/api/index.php:0
[08-Apr-2017 18:36:36 UTC] PHP Fatal error:  require(): Failed opening required 'model/autoload.php' (include_path='.:/usr/share/php:/usr/share/pear') in /home/ubuntu/workspace/api/index.php on line 10
[08-Apr-2017 18:36:36 UTC] PHP Stack trace:
[08-Apr-2017 18:36:36 UTC] PHP   1. {main}() /home/ubuntu/workspace/api/index.php:0
[08-Apr-2017 18:37:03 UTC] PHP Notice:  Undefined variable: createMessageFunction in /home/ubuntu/workspace/api/index.php on line 149
[08-Apr-2017 18:37:03 UTC] PHP Stack trace:
[08-Apr-2017 18:37:03 UTC] PHP   1. {main}() /home/ubuntu/workspace/api/index.php:0
[08-Apr-2017 18:37:03 UTC] PHP Fatal error:  Uncaught exception 'InvalidArgumentException' with message 'Route callable must be callable' in /home/ubuntu/workspace/api/vendor/slim/slim/Slim/Route.php:178
Stack trace:
#0 /home/ubuntu/workspace/api/vendor/slim/slim/Slim/Route.php(107): Slim\Route->setCallable(NULL)
#1 /home/ubuntu/workspace/api/vendor/slim/slim/Slim/Slim.php(441): Slim\Route->__construct('/message/', NULL, true)
#2 /home/ubuntu/workspace/api/vendor/slim/slim/Slim/Slim.php(483): Slim\Slim->mapRoute(Array)
#3 /home/ubuntu/workspace/api/index.php(149): Slim\Slim->post('/message/', NULL)
#4 {main}
  thrown in /home/ubuntu/workspace/api/vendor/slim/slim/Slim/Route.php on line 178
[08-Apr-2017 18:38:58 UTC] PHP Fatal error:  Class 'ChatTimeline' not found in /home/ubuntu/workspace/api/index.php on line 143
[08-Apr-2017 18:38:58 UTC] PHP Stack trace:
[08-Apr-2017 18:38:58 UTC] PHP   1. {main}() /home/ubuntu/workspace/api/index.php:0
[08-Apr-2017 18:38:58 UTC] PHP   2. Slim\Slim->run() /home/ubuntu/workspace/api/index.php:154
[08-Apr-2017 18:38:58 UTC] PHP   3. Slim\Middleware\PrettyExceptions->call() /home/ubuntu/workspace/api/vendor/slim/slim/Slim/Slim.php:1300
[08-Apr-2017 18:38:58 UTC] PHP   4. Slim\Middleware\MethodOverride->call() /home/ubuntu/workspace/api/vendor/slim/slim/Slim/Middleware/PrettyExceptions.php:67
[08-Apr-2017 18:38:58 UTC] PHP   5. Slim\Middleware\Flash->call() /home/ubuntu/workspace/api/vendor/slim/slim/Slim/Middleware/MethodOverride.php:92
[08-Apr-2017 18:38:58 UTC] PHP   6. Slim\Slim->call() /home/ubuntu/workspace/api/vendor/slim/slim/Slim/Middleware/Flash.php:85
[08-Apr-2017 18:38:58 UTC] PHP   7. Slim\Route->dispatch() /home/ubuntu/workspace/api/vendor/slim/slim/Slim/Slim.php:1355
[08-Apr-2017 18:38:58 UTC] PHP   8. call_user_func_array:{/home/ubuntu/workspace/api/vendor/slim/slim/Slim/Route.php:468}() /home/ubuntu/workspace/api/vendor/slim/slim/Slim/Route.php:468
[08-Apr-2017 18:38:58 UTC] PHP   9. {closure:/home/ubuntu/workspace/api/index.php:142-147}() /home/ubuntu/workspace/api/vendor/slim/slim/Slim/Route.php:468
[08-Apr-2017 18:39:02 UTC] PHP Fatal error:  Class 'ChatTimeline' not found in /home/ubuntu/workspace/api/index.php on line 143
[08-Apr-2017 18:39:02 UTC] PHP Stack trace:
[08-Apr-2017 18:39:02 UTC] PHP   1. {main}() /home/ubuntu/workspace/api/index.php:0
[08-Apr-2017 18:39:02 UTC] PHP   2. Slim\Slim->run() /home/ubuntu/workspace/api/index.php:154
[08-Apr-2017 18:39:02 UTC] PHP   3. Slim\Middleware\PrettyExceptions->call() /home/ubuntu/workspace/api/vendor/slim/slim/Slim/Slim.php:1300
[08-Apr-2017 18:39:02 UTC] PHP   4. Slim\Middleware\MethodOverride->call() /home/ubuntu/workspace/api/vendor/slim/slim/Slim/Middleware/PrettyExceptions.php:67
[08-Apr-2017 18:39:02 UTC] PHP   5. Slim\Middleware\Flash->call() /home/ubuntu/workspace/api/vendor/slim/slim/Slim/Middleware/MethodOverride.php:92
[08-Apr-2017 18:39:02 UTC] PHP   6. Slim\Slim->call() /home/ubuntu/workspace/api/vendor/slim/slim/Slim/Middleware/Flash.php:85
[08-Apr-2017 18:39:02 UTC] PHP   7. Slim\Route->dispatch() /home/ubuntu/workspace/api/vendor/slim/slim/Slim/Slim.php:1355
[08-Apr-2017 18:39:02 UTC] PHP   8. call_user_func_array:{/home/ubuntu/workspace/api/vendor/slim/slim/Slim/Route.php:468}() /home/ubuntu/workspace/api/vendor/slim/slim/Slim/Route.php:468
[08-Apr-2017 18:39:02 UTC] PHP   9. {closure:/home/ubuntu/workspace/api/index.php:142-147}() /home/ubuntu/workspace/api/vendor/slim/slim/Slim/Route.php:468
[08-Apr-2017 18:57:02 UTC] PHP Fatal error:  Call to undefined method ChatTimeline::toArray() in /home/ubuntu/workspace/api/index.php on line 123
[08-Apr-2017 18:57:02 UTC] PHP Stack trace:
[08-Apr-2017 18:57:02 UTC] PHP   1. {main}() /home/ubuntu/workspace/api/index.php:0
[08-Apr-2017 18:57:02 UTC] PHP   2. Slim\Slim->run() /home/ubuntu/workspace/api/index.php:154
[08-Apr-2017 18:57:02 UTC] PHP   3. Slim\Middleware\PrettyExceptions->call() /home/ubuntu/workspace/api/vendor/slim/slim/Slim/Slim.php:1300
[08-Apr-2017 18:57:02 UTC] PHP   4. Slim\Middleware\MethodOverride->call() /home/ubuntu/workspace/api/vendor/slim/slim/Slim/Middleware/PrettyExceptions.php:67
[08-Apr-2017 18:57:02 UTC] PHP   5. Slim\Middleware\Flash->call() /home/ubuntu/workspace/api/vendor/slim/slim/Slim/Middleware/MethodOverride.php:92
[08-Apr-2017 18:57:02 UTC] PHP   6. Slim\Slim->call() /home/ubuntu/workspace/api/vendor/slim/slim/Slim/Middleware/Flash.php:85
[08-Apr-2017 18:57:02 UTC] PHP   7. Slim\Route->dispatch() /home/ubuntu/workspace/api/vendor/slim/slim/Slim/Slim.php:1355
[08-Apr-2017 18:57:02 UTC] PHP   8. call_user_func_array:{/home/ubuntu/workspace/api/vendor/slim/slim/Slim/Route.php:468}() /home/ubuntu/workspace/api/vendor/slim/slim/Slim/Route.php:468
[08-Apr-2017 18:57:02 UTC] PHP   9. {closure:/home/ubuntu/workspace/api/index.php:142-147}() /home/ubuntu/workspace/api/vendor/slim/slim/Slim/Route.php:468
[08-Apr-2017 18:57:02 UTC] PHP  10. throwSuccess() /home/ubuntu/workspace/api/index.php:146
[08-Apr-2017 20:19:31 UTC] PHP Fatal error:  Call to undefined method ChatTimeline::toArray() in /home/ubuntu/workspace/api/index.php on line 123
[08-Apr-2017 20:19:31 UTC] PHP Stack trace:
[08-Apr-2017 20:19:31 UTC] PHP   1. {main}() /home/ubuntu/workspace/api/index.php:0
[08-Apr-2017 20:19:31 UTC] PHP   2. Slim\Slim->run() /home/ubuntu/workspace/api/index.php:154
[08-Apr-2017 20:19:31 UTC] PHP   3. Slim\Middleware\PrettyExceptions->call() /home/ubuntu/workspace/api/vendor/slim/slim/Slim/Slim.php:1300
[08-Apr-2017 20:19:31 UTC] PHP   4. Slim\Middleware\MethodOverride->call() /home/ubuntu/workspace/api/vendor/slim/slim/Slim/Middleware/PrettyExceptions.php:67
[08-Apr-2017 20:19:31 UTC] PHP   5. Slim\Middleware\Flash->call() /home/ubuntu/workspace/api/vendor/slim/slim/Slim/Middleware/MethodOverride.php:92
[08-Apr-2017 20:19:31 UTC] PHP   6. Slim\Slim->call() /home/ubuntu/workspace/api/vendor/slim/slim/Slim/Middleware/Flash.php:85
[08-Apr-2017 20:19:31 UTC] PHP   7. Slim\Route->dispatch() /home/ubuntu/workspace/api/vendor/slim/slim/Slim/Slim.php:1355
[08-Apr-2017 20:19:31 UTC] PHP   8. call_user_func_array:{/home/ubuntu/workspace/api/vendor/slim/slim/Slim/Route.php:468}() /home/ubuntu/workspace/api/vendor/slim/slim/Slim/Route.php:468
[08-Apr-2017 20:19:31 UTC] PHP   9. {closure:/home/ubuntu/workspace/api/index.php:142-147}() /home/ubuntu/workspace/api/vendor/slim/slim/Slim/Route.php:468
[08-Apr-2017 20:19:31 UTC] PHP  10. throwSuccess() /home/ubuntu/workspace/api/index.php:146
[08-Apr-2017 21:08:19 UTC] PHP Fatal error:  Call to undefined method ChatTimeline::toArray() in /home/ubuntu/workspace/api/index.php on line 123
[08-Apr-2017 21:08:19 UTC] PHP Stack trace:
[08-Apr-2017 21:08:19 UTC] PHP   1. {main}() /home/ubuntu/workspace/api/index.php:0
[08-Apr-2017 21:08:19 UTC] PHP   2. Slim\Slim->run() /home/ubuntu/workspace/api/index.php:154
[08-Apr-2017 21:08:19 UTC] PHP   3. Slim\Middleware\PrettyExceptions->call() /home/ubuntu/workspace/api/vendor/slim/slim/Slim/Slim.php:1300
[08-Apr-2017 21:08:19 UTC] PHP   4. Slim\Middleware\MethodOverride->call() /home/ubuntu/workspace/api/vendor/slim/slim/Slim/Middleware/PrettyExceptions.php:67
[08-Apr-2017 21:08:19 UTC] PHP   5. Slim\Middleware\Flash->call() /home/ubuntu/workspace/api/vendor/slim/slim/Slim/Middleware/MethodOverride.php:92
[08-Apr-2017 21:08:19 UTC] PHP   6. Slim\Slim->call() /home/ubuntu/workspace/api/vendor/slim/slim/Slim/Middleware/Flash.php:85
[08-Apr-2017 21:08:19 UTC] PHP   7. Slim\Route->dispatch() /home/ubuntu/workspace/api/vendor/slim/slim/Slim/Slim.php:1355
[08-Apr-2017 21:08:19 UTC] PHP   8. call_user_func_array:{/home/ubuntu/workspace/api/vendor/slim/slim/Slim/Route.php:468}() /home/ubuntu/workspace/api/vendor/slim/slim/Slim/Route.php:468
[08-Apr-2017 21:08:19 UTC] PHP   9. {closure:/home/ubuntu/workspace/api/index.php:142-147}() /home/ubuntu/workspace/api/vendor/slim/slim/Slim/Route.php:468
[08-Apr-2017 21:08:19 UTC] PHP  10. throwSuccess() /home/ubuntu/workspace/api/index.php:146
[11-Apr-2017 22:57:13 UTC] PHP Fatal error:  Call to undefined method ChatMessage::select() in /home/ubuntu/workspace/api/index.php on line 89
[11-Apr-2017 22:57:13 UTC] PHP Stack trace:
[11-Apr-2017 22:57:13 UTC] PHP   1. {main}() /home/ubuntu/workspace/api/index.php:0
[11-Apr-2017 22:57:13 UTC] PHP   2. Slim\Slim->run() /home/ubuntu/workspace/api/index.php:154
[11-Apr-2017 22:57:13 UTC] PHP   3. Slim\Middleware\PrettyExceptions->call() /home/ubuntu/workspace/api/vendor/slim/slim/Slim/Slim.php:1300
[11-Apr-2017 22:57:13 UTC] PHP   4. Slim\Middleware\MethodOverride->call() /home/ubuntu/workspace/api/vendor/slim/slim/Slim/Middleware/PrettyExceptions.php:67
[11-Apr-2017 22:57:13 UTC] PHP   5. Slim\Middleware\Flash->call() /home/ubuntu/workspace/api/vendor/slim/slim/Slim/Middleware/MethodOverride.php:92
[11-Apr-2017 22:57:13 UTC] PHP   6. Slim\Slim->call() /home/ubuntu/workspace/api/vendor/slim/slim/Slim/Middleware/Flash.php:85
[11-Apr-2017 22:57:13 UTC] PHP   7. Slim\Route->dispatch() /home/ubuntu/workspace/api/vendor/slim/slim/Slim/Slim.php:1355
[11-Apr-2017 22:57:13 UTC] PHP   8. call_user_func_array:{/home/ubuntu/workspace/api/vendor/slim/slim/Slim/Route.php:468}() /home/ubuntu/workspace/api/vendor/slim/slim/Slim/Route.php:468
[11-Apr-2017 22:57:13 UTC] PHP   9. {closure:/home/ubuntu/workspace/api/index.php:87-92}() /home/ubuntu/workspace/api/vendor/slim/slim/Slim/Route.php:468
[11-Apr-2017 23:14:13 UTC] PHP Fatal error:  Call to a member function toArray() on a non-object in /home/ubuntu/workspace/api/model/ChatMessage.class.php on line 80
[11-Apr-2017 23:14:13 UTC] PHP Stack trace:
[11-Apr-2017 23:14:13 UTC] PHP   1. {main}() /home/ubuntu/workspace/api/index.php:0
[11-Apr-2017 23:14:13 UTC] PHP   2. Slim\Slim->run() /home/ubuntu/workspace/api/index.php:154
[11-Apr-2017 23:14:13 UTC] PHP   3. Slim\Middleware\PrettyExceptions->call() /home/ubuntu/workspace/api/vendor/slim/slim/Slim/Slim.php:1300
[11-Apr-2017 23:14:13 UTC] PHP   4. Slim\Middleware\MethodOverride->call() /home/ubuntu/workspace/api/vendor/slim/slim/Slim/Middleware/PrettyExceptions.php:67
[11-Apr-2017 23:14:13 UTC] PHP   5. Slim\Middleware\Flash->call() /home/ubuntu/workspace/api/vendor/slim/slim/Slim/Middleware/MethodOverride.php:92
[11-Apr-2017 23:14:13 UTC] PHP   6. Slim\Slim->call() /home/ubuntu/workspace/api/vendor/slim/slim/Slim/Middleware/Flash.php:85
[11-Apr-2017 23:14:13 UTC] PHP   7. Slim\Route->dispatch() /home/ubuntu/workspace/api/vendor/slim/slim/Slim/Slim.php:1355
[11-Apr-2017 23:14:13 UTC] PHP   8. call_user_func_array:{/home/ubuntu/workspace/api/vendor/slim/slim/Slim/Route.php:468}() /home/ubuntu/workspace/api/vendor/slim/slim/Slim/Route.php:468
[11-Apr-2017 23:14:13 UTC] PHP   9. {closure:/home/ubuntu/workspace/api/index.php:87-92}() /home/ubuntu/workspace/api/vendor/slim/slim/Slim/Route.php:468
[11-Apr-2017 23:14:13 UTC] PHP  10. throwSuccess() /home/ubuntu/workspace/api/index.php:91
[11-Apr-2017 23:14:13 UTC] PHP  11. ChatMessage->toArray() /home/ubuntu/workspace/api/index.php:123
[11-Apr-2017 23:24:30 UTC] PHP Fatal error:  Call to undefined method ChatUser::toArray() in /home/ubuntu/workspace/api/model/ChatMessage.class.php on line 80
[11-Apr-2017 23:24:30 UTC] PHP Stack trace:
[11-Apr-2017 23:24:30 UTC] PHP   1. {main}() /home/ubuntu/workspace/api/index.php:0
[11-Apr-2017 23:24:30 UTC] PHP   2. Slim\Slim->run() /home/ubuntu/workspace/api/index.php:154
[11-Apr-2017 23:24:30 UTC] PHP   3. Slim\Middleware\PrettyExceptions->call() /home/ubuntu/workspace/api/vendor/slim/slim/Slim/Slim.php:1300
[11-Apr-2017 23:24:30 UTC] PHP   4. Slim\Middleware\MethodOverride->call() /home/ubuntu/workspace/api/vendor/slim/slim/Slim/Middleware/PrettyExceptions.php:67
[11-Apr-2017 23:24:30 UTC] PHP   5. Slim\Middleware\Flash->call() /home/ubuntu/workspace/api/vendor/slim/slim/Slim/Middleware/MethodOverride.php:92
[11-Apr-2017 23:24:30 UTC] PHP   6. Slim\Slim->call() /home/ubuntu/workspace/api/vendor/slim/slim/Slim/Middleware/Flash.php:85
[11-Apr-2017 23:24:30 UTC] PHP   7. Slim\Route->dispatch() /home/ubuntu/workspace/api/vendor/slim/slim/Slim/Slim.php:1355
[11-Apr-2017 23:24:30 UTC] PHP   8. call_user_func_array:{/home/ubuntu/workspace/api/vendor/slim/slim/Slim/Route.php:468}() /home/ubuntu/workspace/api/vendor/slim/slim/Slim/Route.php:468
[11-Apr-2017 23:24:30 UTC] PHP   9. {closure:/home/ubuntu/workspace/api/index.php:87-92}() /home/ubuntu/workspace/api/vendor/slim/slim/Slim/Route.php:468
[11-Apr-2017 23:24:30 UTC] PHP  10. throwSuccess() /home/ubuntu/workspace/api/index.php:91
[11-Apr-2017 23:24:30 UTC] PHP  11. ChatMessage->toArray() /home/ubuntu/workspace/api/index.php:123
[11-Apr-2017 23:25:01 UTC] PHP Fatal error:  Call to undefined method ChatUser::toArray() in /home/ubuntu/workspace/api/model/ChatMessage.class.php on line 80
[11-Apr-2017 23:25:01 UTC] PHP Stack trace:
[11-Apr-2017 23:25:01 UTC] PHP   1. {main}() /home/ubuntu/workspace/api/index.php:0
[11-Apr-2017 23:25:01 UTC] PHP   2. Slim\Slim->run() /home/ubuntu/workspace/api/index.php:154
[11-Apr-2017 23:25:01 UTC] PHP   3. Slim\Middleware\PrettyExceptions->call() /home/ubuntu/workspace/api/vendor/slim/slim/Slim/Slim.php:1300
[11-Apr-2017 23:25:01 UTC] PHP   4. Slim\Middleware\MethodOverride->call() /home/ubuntu/workspace/api/vendor/slim/slim/Slim/Middleware/PrettyExceptions.php:67
[11-Apr-2017 23:25:01 UTC] PHP   5. Slim\Middleware\Flash->call() /home/ubuntu/workspace/api/vendor/slim/slim/Slim/Middleware/MethodOverride.php:92
[11-Apr-2017 23:25:01 UTC] PHP   6. Slim\Slim->call() /home/ubuntu/workspace/api/vendor/slim/slim/Slim/Middleware/Flash.php:85
[11-Apr-2017 23:25:01 UTC] PHP   7. Slim\Route->dispatch() /home/ubuntu/workspace/api/vendor/slim/slim/Slim/Slim.php:1355
[11-Apr-2017 23:25:01 UTC] PHP   8. call_user_func_array:{/home/ubuntu/workspace/api/vendor/slim/slim/Slim/Route.php:468}() /home/ubuntu/workspace/api/vendor/slim/slim/Slim/Route.php:468
[11-Apr-2017 23:25:01 UTC] PHP   9. {closure:/home/ubuntu/workspace/api/index.php:87-92}() /home/ubuntu/workspace/api/vendor/slim/slim/Slim/Route.php:468
[11-Apr-2017 23:25:01 UTC] PHP  10. throwSuccess() /home/ubuntu/workspace/api/index.php:91
[11-Apr-2017 23:25:01 UTC] PHP  11. ChatMessage->toArray() /home/ubuntu/workspace/api/index.php:123
[11-Apr-2017 23:31:17 UTC] PHP Fatal error:  Call to undefined method ChatTimeline::toArray() in /home/ubuntu/workspace/api/model/ChatMessage.class.php on line 81
[11-Apr-2017 23:31:17 UTC] PHP Stack trace:
[11-Apr-2017 23:31:17 UTC] PHP   1. {main}() /home/ubuntu/workspace/api/index.php:0
[11-Apr-2017 23:31:17 UTC] PHP   2. Slim\Slim->run() /home/ubuntu/workspace/api/index.php:154
[11-Apr-2017 23:31:17 UTC] PHP   3. Slim\Middleware\PrettyExceptions->call() /home/ubuntu/workspace/api/vendor/slim/slim/Slim/Slim.php:1300
[11-Apr-2017 23:31:17 UTC] PHP   4. Slim\Middleware\MethodOverride->call() /home/ubuntu/workspace/api/vendor/slim/slim/Slim/Middleware/PrettyExceptions.php:67
[11-Apr-2017 23:31:17 UTC] PHP   5. Slim\Middleware\Flash->call() /home/ubuntu/workspace/api/vendor/slim/slim/Slim/Middleware/MethodOverride.php:92
[11-Apr-2017 23:31:17 UTC] PHP   6. Slim\Slim->call() /home/ubuntu/workspace/api/vendor/slim/slim/Slim/Middleware/Flash.php:85
[11-Apr-2017 23:31:17 UTC] PHP   7. Slim\Route->dispatch() /home/ubuntu/workspace/api/vendor/slim/slim/Slim/Slim.php:1355
[11-Apr-2017 23:31:17 UTC] PHP   8. call_user_func_array:{/home/ubuntu/workspace/api/vendor/slim/slim/Slim/Route.php:468}() /home/ubuntu/workspace/api/vendor/slim/slim/Slim/Route.php:468
[11-Apr-2017 23:31:17 UTC] PHP   9. {closure:/home/ubuntu/workspace/api/index.php:87-92}() /home/ubuntu/workspace/api/vendor/slim/slim/Slim/Route.php:468
[11-Apr-2017 23:31:17 UTC] PHP  10. throwSuccess() /home/ubuntu/workspace/api/index.php:91
[11-Apr-2017 23:31:17 UTC] PHP  11. ChatMessage->toArray() /home/ubuntu/workspace/api/index.php:123
[11-Apr-2017 23:32:01 UTC] PHP Fatal error:  Call to undefined method ChatTimeline::toArray() in /home/ubuntu/workspace/api/model/ChatMessage.class.php on line 81
[11-Apr-2017 23:32:01 UTC] PHP Stack trace:
[11-Apr-2017 23:32:01 UTC] PHP   1. {main}() /home/ubuntu/workspace/api/index.php:0
[11-Apr-2017 23:32:01 UTC] PHP   2. Slim\Slim->run() /home/ubuntu/workspace/api/index.php:154
[11-Apr-2017 23:32:01 UTC] PHP   3. Slim\Middleware\PrettyExceptions->call() /home/ubuntu/workspace/api/vendor/slim/slim/Slim/Slim.php:1300
[11-Apr-2017 23:32:01 UTC] PHP   4. Slim\Middleware\MethodOverride->call() /home/ubuntu/workspace/api/vendor/slim/slim/Slim/Middleware/PrettyExceptions.php:67
[11-Apr-2017 23:32:01 UTC] PHP   5. Slim\Middleware\Flash->call() /home/ubuntu/workspace/api/vendor/slim/slim/Slim/Middleware/MethodOverride.php:92
[11-Apr-2017 23:32:01 UTC] PHP   6. Slim\Slim->call() /home/ubuntu/workspace/api/vendor/slim/slim/Slim/Middleware/Flash.php:85
[11-Apr-2017 23:32:01 UTC] PHP   7. Slim\Route->dispatch() /home/ubuntu/workspace/api/vendor/slim/slim/Slim/Slim.php:1355
[11-Apr-2017 23:32:01 UTC] PHP   8. call_user_func_array:{/home/ubuntu/workspace/api/vendor/slim/slim/Slim/Route.php:468}() /home/ubuntu/workspace/api/vendor/slim/slim/Slim/Route.php:468
[11-Apr-2017 23:32:01 UTC] PHP   9. {closure:/home/ubuntu/workspace/api/index.php:87-92}() /home/ubuntu/workspace/api/vendor/slim/slim/Slim/Route.php:468
[11-Apr-2017 23:32:01 UTC] PHP  10. throwSuccess() /home/ubuntu/workspace/api/index.php:91
[11-Apr-2017 23:32:01 UTC] PHP  11. ChatMessage->toArray() /home/ubuntu/workspace/api/index.php:123
[11-Apr-2017 23:36:09 UTC] PHP Fatal error:  Call to undefined method ChatTimeline::toArray() in /home/ubuntu/workspace/api/model/ChatMessage.class.php on line 81
[11-Apr-2017 23:36:09 UTC] PHP Stack trace:
[11-Apr-2017 23:36:09 UTC] PHP   1. {main}() /home/ubuntu/workspace/api/index.php:0
[11-Apr-2017 23:36:09 UTC] PHP   2. Slim\Slim->run() /home/ubuntu/workspace/api/index.php:154
[11-Apr-2017 23:36:09 UTC] PHP   3. Slim\Middleware\PrettyExceptions->call() /home/ubuntu/workspace/api/vendor/slim/slim/Slim/Slim.php:1300
[11-Apr-2017 23:36:09 UTC] PHP   4. Slim\Middleware\MethodOverride->call() /home/ubuntu/workspace/api/vendor/slim/slim/Slim/Middleware/PrettyExceptions.php:67
[11-Apr-2017 23:36:09 UTC] PHP   5. Slim\Middleware\Flash->call() /home/ubuntu/workspace/api/vendor/slim/slim/Slim/Middleware/MethodOverride.php:92
[11-Apr-2017 23:36:09 UTC] PHP   6. Slim\Slim->call() /home/ubuntu/workspace/api/vendor/slim/slim/Slim/Middleware/Flash.php:85
[11-Apr-2017 23:36:09 UTC] PHP   7. Slim\Route->dispatch() /home/ubuntu/workspace/api/vendor/slim/slim/Slim/Slim.php:1355
[11-Apr-2017 23:36:09 UTC] PHP   8. call_user_func_array:{/home/ubuntu/workspace/api/vendor/slim/slim/Slim/Route.php:468}() /home/ubuntu/workspace/api/vendor/slim/slim/Slim/Route.php:468
[11-Apr-2017 23:36:09 UTC] PHP   9. {closure:/home/ubuntu/workspace/api/index.php:87-92}() /home/ubuntu/workspace/api/vendor/slim/slim/Slim/Route.php:468
[11-Apr-2017 23:36:09 UTC] PHP  10. throwSuccess() /home/ubuntu/workspace/api/index.php:91
[11-Apr-2017 23:36:09 UTC] PHP  11. ChatMessage->toArray() /home/ubuntu/workspace/api/index.php:123
